<?xml version="1.0" encoding="utf-8"?><testsuites name="pytest tests"><testsuite name="pytest" errors="0" failures="0" skipped="0" tests="5" time="0.888" timestamp="2026-04-08T12:00:04.586644+00:00" hostname="agent-env-b31307b3-98f1-4cd8-ac71-9c55b6e9ef80"><testcase classname="backend.tests.test_iteration5" name="test_ws_token_unauthenticated" time="0.160" /><testcase classname="backend.tests.test_iteration5" name="test_ws_token_authenticated" time="0.379" /><testcase classname="backend.tests.test_iteration5" name="test_webhook_invalid_tenant_id" time="0.118" /><testcase classname="backend.tests.test_iteration5" name="test_webhook_nonexistent_tenant_id" time="0.164" /><testcase classname="backend.tests.test_iteration5" name="test_voice_call_in_n8n_node_map" time="0.002" /></testsuite></testsuites>