<?xml version="1.0" encoding="utf-8"?><testsuites name="pytest tests"><testsuite name="pytest" errors="0" failures="0" skipped="0" tests="8" time="2.235" timestamp="2026-04-08T00:55:52.986420+00:00" hostname="agent-env-b31307b3-98f1-4cd8-ac71-9c55b6e9ef80"><testcase classname="backend.tests.test_iteration4.TestSecurity" name="test_register_short_password_returns_422" time="0.147" /><testcase classname="backend.tests.test_iteration4.TestSecurity" name="test_login_sets_httponly_cookies" time="0.271" /><testcase classname="backend.tests.test_iteration4.TestSecurity" name="test_get_agent_invalid_id_returns_400" time="0.321" /><testcase classname="backend.tests.test_iteration4.TestWebhook" name="test_webhook_clickmassa_returns_received" time="0.170" /><testcase classname="backend.tests.test_iteration4.TestIntegrations" name="test_create_integration_and_test_returns_is_mock" time="0.830" /><testcase classname="backend.tests.test_iteration4.TestRegression" name="test_login_admin" time="0.282" /><testcase classname="backend.tests.test_iteration4.TestRegression" name="test_me_endpoint" time="0.052" /><testcase classname="backend.tests.test_iteration4.TestRegression" name="test_agents_list" time="0.054" /></testsuite></testsuites>