<?xml version="1.0" encoding="utf-8"?><testsuites name="pytest tests"><testsuite name="pytest" errors="0" failures="0" skipped="0" tests="11" time="26.016" timestamp="2026-04-07T21:03:00.888824+00:00" hostname="agent-env-b31307b3-98f1-4cd8-ac71-9c55b6e9ef80"><testcase classname="backend.tests.test_workspace_execution.TestN8nConfig" name="test_get_n8n_config_unauthenticated" time="0.260" /><testcase classname="backend.tests.test_workspace_execution.TestN8nConfig" name="test_get_n8n_config_authenticated" time="0.492" /><testcase classname="backend.tests.test_workspace_execution.TestN8nConfig" name="test_put_n8n_config_saves_and_returns_success" time="0.116" /><testcase classname="backend.tests.test_workspace_execution.TestN8nConfig" name="test_get_n8n_config_after_save_shows_configured" time="0.127" /><testcase classname="backend.tests.test_workspace_execution.TestN8nConfig" name="test_put_n8n_config_clear" time="0.133" /><testcase classname="backend.tests.test_workspace_execution.TestWebSocketExecution" name="test_websocket_invalid_token" time="0.395" /><testcase classname="backend.tests.test_workspace_execution.TestWebSocketExecution" name="test_websocket_execution_full_flow" time="10.495" /><testcase classname="backend.tests.test_workspace_execution.TestWebSocketExecution" name="test_websocket_execution_done_has_output" time="13.153" /><testcase classname="backend.tests.test_workspace_execution.TestRegression" name="test_login_works" time="0.413" /><testcase classname="backend.tests.test_workspace_execution.TestRegression" name="test_agents_list" time="0.127" /><testcase classname="backend.tests.test_workspace_execution.TestRegression" name="test_get_agent_by_id" time="0.138" /></testsuite></testsuites>