<?xml version="1.0" encoding="utf-8"?><testsuites name="pytest tests"><testsuite name="pytest" errors="0" failures="0" skipped="0" tests="10" time="2.311" timestamp="2026-04-07T20:16:23.477676+00:00" hostname="agent-env-b31307b3-98f1-4cd8-ac71-9c55b6e9ef80"><testcase classname="backend.tests.test_n8n.TestN8nStatus" name="test_get_status_not_configured" time="0.637" /><testcase classname="backend.tests.test_n8n.TestBlueprints" name="test_list_blueprints_empty_or_populated" time="0.128" /><testcase classname="backend.tests.test_n8n.TestBlueprints" name="test_save_blueprint" time="0.138" /><testcase classname="backend.tests.test_n8n.TestBlueprints" name="test_get_blueprint_by_id" time="0.137" /><testcase classname="backend.tests.test_n8n.TestBlueprints" name="test_preview_translation" time="0.118" /><testcase classname="backend.tests.test_n8n.TestBlueprints" name="test_get_blueprint_not_found" time="0.184" /><testcase classname="backend.tests.test_n8n.TestDeploy" name="test_deploy_returns_not_configured" time="0.155" /><testcase classname="backend.tests.test_n8n.TestDeploy" name="test_get_deployment_status_after_deploy" time="0.121" /><testcase classname="backend.tests.test_n8n.TestDeploy" name="test_get_deployment_not_found" time="0.272" /><testcase classname="backend.tests.test_n8n.TestDeploy" name="test_deploy_empty_blueprint_fails_validation" time="0.259" /></testsuite></testsuites>