<?xml version="1.0" encoding="utf-8"?><testsuites name="pytest tests"><testsuite name="pytest" errors="0" failures="0" skipped="0" tests="4" time="18.487" timestamp="2026-04-08T12:48:25.167302+00:00" hostname="agent-env-b31307b3-98f1-4cd8-ac71-9c55b6e9ef80"><testcase classname="backend.tests.test_generate.TestGenerateAgent" name="test_generate_valid_prompt" time="12.248" /><testcase classname="backend.tests.test_generate.TestGenerateAgent" name="test_generate_short_prompt_returns_400" time="0.536" /><testcase classname="backend.tests.test_generate.TestGenerateAgent" name="test_generate_no_auth_returns_401_or_403" time="0.108" /><testcase classname="backend.tests.test_generate.TestGenerateAgent" name="test_generate_edges_structure" time="5.512" /></testsuite></testsuites>