<?xml version="1.0" encoding="utf-8"?><testsuites name="pytest tests"><testsuite name="pytest" errors="0" failures="0" skipped="0" tests="15" time="2.821" timestamp="2026-04-07T18:52:36.651670+00:00" hostname="agent-env-b31307b3-98f1-4cd8-ac71-9c55b6e9ef80"><testcase classname="backend.tests.test_api.TestAuth" name="test_login_success" time="0.369" /><testcase classname="backend.tests.test_api.TestAuth" name="test_login_invalid" time="0.111" /><testcase classname="backend.tests.test_api.TestAuth" name="test_get_me" time="0.461" /><testcase classname="backend.tests.test_api.TestAuth" name="test_register" time="0.350" /><testcase classname="backend.tests.test_api.TestDashboard" name="test_dashboard_stats" time="0.100" /><testcase classname="backend.tests.test_api.TestAgents" name="test_list_agents" time="0.102" /><testcase classname="backend.tests.test_api.TestAgents" name="test_create_agent" time="0.102" /><testcase classname="backend.tests.test_api.TestTemplates" name="test_list_templates" time="0.140" /><testcase classname="backend.tests.test_api.TestTemplates" name="test_use_template" time="0.210" /><testcase classname="backend.tests.test_api.TestSkills" name="test_list_skills" time="0.122" /><testcase classname="backend.tests.test_api.TestIntegrations" name="test_list_integrations" time="0.104" /><testcase classname="backend.tests.test_api.TestIntegrations" name="test_clickmassa_connected" time="0.130" /><testcase classname="backend.tests.test_api.TestIntegrations" name="test_clickmassa_test_connection" time="0.240" /><testcase classname="backend.tests.test_api.TestExecutions" name="test_list_executions" time="0.102" /><testcase classname="backend.tests.test_api.TestMindmap" name="test_list_mindmaps" time="0.105" /></testsuite></testsuites>